2026-01-16 14:23:31,983 DEBUG    root            Failed to read GCE cache file: [Errno 2] No such file or directory: '/content/.config/gce'
2026-01-16 14:23:44,006 DEBUG    root            Failed to check metadata server: <urlopen error timed out>
2026-01-16 14:23:44,007 DEBUG    root            On GCE from server: False
2026-01-16 14:23:44,009 DEBUG    root            Loaded Command Group: ['gcloud', 'components']
2026-01-16 14:23:44,013 DEBUG    root            Loaded Command Group: ['gcloud', 'components', 'update']
2026-01-16 14:23:44,015 DEBUG    root            Running [gcloud.components.update] with arguments: [--compile-python: "True", --quiet: "True", COMPONENT-IDS:6: "['core', 'gcloud-deps', 'bq', 'gcloud', 'gcloud-crc32c', 'gsutil']"]
2026-01-16 14:23:44,016 INFO     ___FILE_ONLY___ Beginning update. This process may take several minutes.

2026-01-16 14:23:44,030 DEBUG    root            On GCE from memory cache: False
2026-01-16 14:23:44,058 DEBUG    root            On GCE from memory cache: False
2026-01-16 14:23:44,062 DEBUG    urllib3.connectionpool Starting new HTTPS connection (1): dl.google.com:443
2026-01-16 14:23:44,997 DEBUG    urllib3.connectionpool https://dl.google.com:443 "GET /dl/cloudsdk/channels/rapid/components-2.json HTTP/1.1" 200 24572
2026-01-16 14:23:45,007 INFO     ___FILE_ONLY___ 

2026-01-16 14:23:45,008 INFO     ___FILE_ONLY___ 
Your current Google Cloud CLI version is: 552.0.0

2026-01-16 14:23:45,008 INFO     ___FILE_ONLY___ Installing components from version: 552.0.0

2026-01-16 14:23:45,008 INFO     ___FILE_ONLY___ 

2026-01-16 14:23:45,008 DEBUG    root            Chosen display Format:table[box,title="These components will be removed."](details.display_name:label=Name:align=left,version.version_string:label=Version:align=right,data.size.size(zero="",min=1048576):label=Size:align=right)
2026-01-16 14:23:45,009 DEBUG    root            Chosen display Format:table[box,title="These components will be updated."](details.display_name:label=Name:align=left,version.version_string:label=Version:align=right,data.size.size(zero="",min=1048576):label=Size:align=right)
2026-01-16 14:23:45,009 DEBUG    root            Chosen display Format:table[box,title="These components will be installed."](details.display_name:label=Name:align=left,version.version_string:label=Version:align=right,data.size.size(zero="",min=1048576):label=Size:align=right)
2026-01-16 14:23:45,057 INFO     ___FILE_ONLY___ ┌──────────────────────────────────────────────────────────────────────────────┐
2026-01-16 14:23:45,058 INFO     ___FILE_ONLY___ 

2026-01-16 14:23:45,058 INFO     ___FILE_ONLY___ │                     These components will be installed.                      │
2026-01-16 14:23:45,058 INFO     ___FILE_ONLY___ 

2026-01-16 14:23:45,058 INFO     ___FILE_ONLY___ ├─────────────────────────────────────────────────────┬────────────┬───────────┤
2026-01-16 14:23:45,058 INFO     ___FILE_ONLY___ 

2026-01-16 14:23:45,058 INFO     ___FILE_ONLY___ │                         Name                        │  Version   │    Size   │
2026-01-16 14:23:45,058 INFO     ___FILE_ONLY___ 

2026-01-16 14:23:45,058 INFO     ___FILE_ONLY___ ├─────────────────────────────────────────────────────┼────────────┼───────────┤
2026-01-16 14:23:45,058 INFO     ___FILE_ONLY___ 

2026-01-16 14:23:45,058 INFO     ___FILE_ONLY___ │ 
2026-01-16 14:23:45,058 INFO     ___FILE_ONLY___ BigQuery Command Line Tool                         
2026-01-16 14:23:45,058 INFO     ___FILE_ONLY___  
2026-01-16 14:23:45,058 INFO     ___FILE_ONLY___ │ 
2026-01-16 14:23:45,059 INFO     ___FILE_ONLY___     2.1.27
2026-01-16 14:23:45,059 INFO     ___FILE_ONLY___  
2026-01-16 14:23:45,059 INFO     ___FILE_ONLY___ │ 
2026-01-16 14:23:45,059 INFO     ___FILE_ONLY___   1.8 MiB
2026-01-16 14:23:45,059 INFO     ___FILE_ONLY___  
2026-01-16 14:23:45,059 INFO     ___FILE_ONLY___ │
2026-01-16 14:23:45,059 INFO     ___FILE_ONLY___ 

2026-01-16 14:23:45,059 INFO     ___FILE_ONLY___ │ 
2026-01-16 14:23:45,059 INFO     ___FILE_ONLY___ BigQuery Command Line Tool (Platform Specific)     
2026-01-16 14:23:45,059 INFO     ___FILE_ONLY___  
2026-01-16 14:23:45,059 INFO     ___FILE_ONLY___ │ 
2026-01-16 14:23:45,059 INFO     ___FILE_ONLY___     2.1.25
2026-01-16 14:23:45,059 INFO     ___FILE_ONLY___  
2026-01-16 14:23:45,059 INFO     ___FILE_ONLY___ │ 
2026-01-16 14:23:45,059 INFO     ___FILE_ONLY___   < 1 MiB
2026-01-16 14:23:45,059 INFO     ___FILE_ONLY___  
2026-01-16 14:23:45,059 INFO     ___FILE_ONLY___ │
2026-01-16 14:23:45,059 INFO     ___FILE_ONLY___ 

2026-01-16 14:23:45,060 INFO     ___FILE_ONLY___ │ 
2026-01-16 14:23:45,060 INFO     ___FILE_ONLY___ Bundled Python 3.13 (Platform Specific)            
2026-01-16 14:23:45,060 INFO     ___FILE_ONLY___  
2026-01-16 14:23:45,060 INFO     ___FILE_ONLY___ │ 
2026-01-16 14:23:45,060 INFO     ___FILE_ONLY___    3.13.10
2026-01-16 14:23:45,060 INFO     ___FILE_ONLY___  
2026-01-16 14:23:45,060 INFO     ___FILE_ONLY___ │ 
2026-01-16 14:23:45,060 INFO     ___FILE_ONLY___ 138.6 MiB
2026-01-16 14:23:45,060 INFO     ___FILE_ONLY___  
2026-01-16 14:23:45,060 INFO     ___FILE_ONLY___ │
2026-01-16 14:23:45,060 INFO     ___FILE_ONLY___ 

2026-01-16 14:23:45,060 INFO     ___FILE_ONLY___ │ 
2026-01-16 14:23:45,060 INFO     ___FILE_ONLY___ Cloud Storage Command Line Tool                    
2026-01-16 14:23:45,060 INFO     ___FILE_ONLY___  
2026-01-16 14:23:45,060 INFO     ___FILE_ONLY___ │ 
2026-01-16 14:23:45,060 INFO     ___FILE_ONLY___       5.35
2026-01-16 14:23:45,060 INFO     ___FILE_ONLY___  
2026-01-16 14:23:45,060 INFO     ___FILE_ONLY___ │ 
2026-01-16 14:23:45,060 INFO     ___FILE_ONLY___  12.4 MiB
2026-01-16 14:23:45,060 INFO     ___FILE_ONLY___  
2026-01-16 14:23:45,061 INFO     ___FILE_ONLY___ │
2026-01-16 14:23:45,061 INFO     ___FILE_ONLY___ 

2026-01-16 14:23:45,061 INFO     ___FILE_ONLY___ │ 
2026-01-16 14:23:45,061 INFO     ___FILE_ONLY___ Cloud Storage Command Line Tool (Platform Specific)
2026-01-16 14:23:45,061 INFO     ___FILE_ONLY___  
2026-01-16 14:23:45,061 INFO     ___FILE_ONLY___ │ 
2026-01-16 14:23:45,061 INFO     ___FILE_ONLY___       5.35
2026-01-16 14:23:45,061 INFO     ___FILE_ONLY___  
2026-01-16 14:23:45,061 INFO     ___FILE_ONLY___ │ 
2026-01-16 14:23:45,061 INFO     ___FILE_ONLY___   < 1 MiB
2026-01-16 14:23:45,061 INFO     ___FILE_ONLY___  
2026-01-16 14:23:45,061 INFO     ___FILE_ONLY___ │
2026-01-16 14:23:45,062 INFO     ___FILE_ONLY___ 

2026-01-16 14:23:45,062 INFO     ___FILE_ONLY___ │ 
2026-01-16 14:23:45,062 INFO     ___FILE_ONLY___ Google Cloud CLI Core Libraries (Platform Specific)
2026-01-16 14:23:45,062 INFO     ___FILE_ONLY___  
2026-01-16 14:23:45,062 INFO     ___FILE_ONLY___ │ 
2026-01-16 14:23:45,062 INFO     ___FILE_ONLY___ 2025.10.31
2026-01-16 14:23:45,062 INFO     ___FILE_ONLY___  
2026-01-16 14:23:45,062 INFO     ___FILE_ONLY___ │ 
2026-01-16 14:23:45,063 INFO     ___FILE_ONLY___   < 1 MiB
2026-01-16 14:23:45,063 INFO     ___FILE_ONLY___  
2026-01-16 14:23:45,063 INFO     ___FILE_ONLY___ │
2026-01-16 14:23:45,063 INFO     ___FILE_ONLY___ 

2026-01-16 14:23:45,063 INFO     ___FILE_ONLY___ │ 
2026-01-16 14:23:45,063 INFO     ___FILE_ONLY___ Google Cloud CRC32C Hash Tool (Platform Specific)  
2026-01-16 14:23:45,063 INFO     ___FILE_ONLY___  
2026-01-16 14:23:45,063 INFO     ___FILE_ONLY___ │ 
2026-01-16 14:23:45,063 INFO     ___FILE_ONLY___      1.0.0
2026-01-16 14:23:45,063 INFO     ___FILE_ONLY___  
2026-01-16 14:23:45,063 INFO     ___FILE_ONLY___ │ 
2026-01-16 14:23:45,064 INFO     ___FILE_ONLY___   1.5 MiB
2026-01-16 14:23:45,064 INFO     ___FILE_ONLY___  
2026-01-16 14:23:45,064 INFO     ___FILE_ONLY___ │
2026-01-16 14:23:45,064 INFO     ___FILE_ONLY___ 

2026-01-16 14:23:45,064 INFO     ___FILE_ONLY___ │ 
2026-01-16 14:23:45,064 INFO     ___FILE_ONLY___ gcloud cli dependencies (Platform Specific)        
2026-01-16 14:23:45,064 INFO     ___FILE_ONLY___  
2026-01-16 14:23:45,064 INFO     ___FILE_ONLY___ │ 
2026-01-16 14:23:45,064 INFO     ___FILE_ONLY___ 2021.04.16
2026-01-16 14:23:45,064 INFO     ___FILE_ONLY___  
2026-01-16 14:23:45,064 INFO     ___FILE_ONLY___ │ 
2026-01-16 14:23:45,064 INFO     ___FILE_ONLY___   < 1 MiB
2026-01-16 14:23:45,064 INFO     ___FILE_ONLY___  
2026-01-16 14:23:45,064 INFO     ___FILE_ONLY___ │
2026-01-16 14:23:45,064 INFO     ___FILE_ONLY___ 

2026-01-16 14:23:45,064 INFO     ___FILE_ONLY___ └─────────────────────────────────────────────────────┴────────────┴───────────┘
2026-01-16 14:23:45,064 INFO     ___FILE_ONLY___ 

2026-01-16 14:23:45,064 INFO     ___FILE_ONLY___ 

2026-01-16 14:23:45,065 DEBUG    root            On GCE from memory cache: False
2026-01-16 14:23:45,067 DEBUG    root            On GCE from memory cache: False
2026-01-16 14:23:45,068 DEBUG    urllib3.connectionpool Starting new HTTPS connection (1): dl.google.com:443
2026-01-16 14:23:46,013 DEBUG    urllib3.connectionpool https://dl.google.com:443 "GET /dl/cloudsdk/channels/rapid/RELEASE_NOTES HTTP/1.1" 200 345833
2026-01-16 14:23:46,551 INFO     ___FILE_ONLY___ For the latest full release notes, please visit:
  https://cloud.google.com/sdk/release_notes


2026-01-16 14:23:46,552 INFO     ___FILE_ONLY___ Performing in place update...


2026-01-16 14:23:46,554 INFO     ___FILE_ONLY___ ╔════════════════════════════════════════════════════════════╗

2026-01-16 14:23:46,554 INFO     ___FILE_ONLY___ ╠═ Downloading: BigQuery Command Line Tool                  ═╣

2026-01-16 14:23:46,554 INFO     ___FILE_ONLY___ ╚
2026-01-16 14:23:46,555 DEBUG    root            On GCE from memory cache: False
2026-01-16 14:23:46,556 DEBUG    root            On GCE from memory cache: False
2026-01-16 14:23:46,557 DEBUG    urllib3.connectionpool Starting new HTTPS connection (1): dl.google.com:443
2026-01-16 14:23:47,509 DEBUG    urllib3.connectionpool https://dl.google.com:443 "GET /dl/cloudsdk/channels/rapid/components/google-cloud-sdk-bq-20260109121340.tar.gz HTTP/1.1" 200 1921679
2026-01-16 14:23:47,522 INFO     ___FILE_ONLY___ ═
2026-01-16 14:23:47,522 INFO     ___FILE_ONLY___ ═
2026-01-16 14:23:47,522 INFO     ___FILE_ONLY___ ═
2026-01-16 14:23:47,522 INFO     ___FILE_ONLY___ ═
2026-01-16 14:23:47,522 INFO     ___FILE_ONLY___ ═
2026-01-16 14:23:47,522 INFO     ___FILE_ONLY___ ═
2026-01-16 14:23:47,522 INFO     ___FILE_ONLY___ ═
2026-01-16 14:23:47,523 INFO     ___FILE_ONLY___ ═
2026-01-16 14:23:47,523 INFO     ___FILE_ONLY___ ═
2026-01-16 14:23:47,523 INFO     ___FILE_ONLY___ ═
2026-01-16 14:23:47,523 INFO     ___FILE_ONLY___ ═
2026-01-16 14:23:47,523 INFO     ___FILE_ONLY___ ═
2026-01-16 14:23:47,524 INFO     ___FILE_ONLY___ ═
2026-01-16 14:23:47,524 INFO     ___FILE_ONLY___ ═
2026-01-16 14:23:47,524 INFO     ___FILE_ONLY___ ═
2026-01-16 14:23:47,524 INFO     ___FILE_ONLY___ ═
2026-01-16 14:23:47,524 INFO     ___FILE_ONLY___ ═
2026-01-16 14:23:47,524 INFO     ___FILE_ONLY___ ═
2026-01-16 14:23:47,524 INFO     ___FILE_ONLY___ ═
2026-01-16 14:23:47,524 INFO     ___FILE_ONLY___ ═
2026-01-16 14:23:47,525 INFO     ___FILE_ONLY___ ═
2026-01-16 14:23:47,525 INFO     ___FILE_ONLY___ ═
2026-01-16 14:23:47,525 INFO     ___FILE_ONLY___ ═
2026-01-16 14:23:47,525 INFO     ___FILE_ONLY___ ═
2026-01-16 14:23:47,525 INFO     ___FILE_ONLY___ ═
2026-01-16 14:23:47,525 INFO     ___FILE_ONLY___ ═
2026-01-16 14:23:47,525 INFO     ___FILE_ONLY___ ═
2026-01-16 14:23:47,525 INFO     ___FILE_ONLY___ ═
2026-01-16 14:23:47,525 INFO     ___FILE_ONLY___ ═
2026-01-16 14:23:47,525 INFO     ___FILE_ONLY___ ═
2026-01-16 14:23:47,526 INFO     ___FILE_ONLY___ ═
2026-01-16 14:23:47,526 INFO     ___FILE_ONLY___ ═
2026-01-16 14:23:47,526 INFO     ___FILE_ONLY___ ═
2026-01-16 14:23:47,526 INFO     ___FILE_ONLY___ ═
2026-01-16 14:23:47,526 INFO     ___FILE_ONLY___ ═
2026-01-16 14:23:47,526 INFO     ___FILE_ONLY___ ═
2026-01-16 14:23:47,526 INFO     ___FILE_ONLY___ ═
2026-01-16 14:23:47,526 INFO     ___FILE_ONLY___ ═
2026-01-16 14:23:47,526 INFO     ___FILE_ONLY___ ═
2026-01-16 14:23:47,527 INFO     ___FILE_ONLY___ ═
2026-01-16 14:23:47,527 INFO     ___FILE_ONLY___ ═
2026-01-16 14:23:47,527 INFO     ___FILE_ONLY___ ═
2026-01-16 14:23:47,527 INFO     ___FILE_ONLY___ ═
2026-01-16 14:23:47,527 INFO     ___FILE_ONLY___ ═
2026-01-16 14:23:47,527 INFO     ___FILE_ONLY___ ═
2026-01-16 14:23:47,527 INFO     ___FILE_ONLY___ ═
2026-01-16 14:23:47,527 INFO     ___FILE_ONLY___ ═
2026-01-16 14:23:47,527 INFO     ___FILE_ONLY___ ═
2026-01-16 14:23:47,527 INFO     ___FILE_ONLY___ ═
2026-01-16 14:23:47,528 INFO     ___FILE_ONLY___ ═
2026-01-16 14:23:47,528 INFO     ___FILE_ONLY___ ═
2026-01-16 14:23:47,528 INFO     ___FILE_ONLY___ ═
2026-01-16 14:23:47,528 INFO     ___FILE_ONLY___ ═
2026-01-16 14:23:47,528 INFO     ___FILE_ONLY___ ═
2026-01-16 14:23:47,528 INFO     ___FILE_ONLY___ ═
2026-01-16 14:23:47,528 INFO     ___FILE_ONLY___ ═
2026-01-16 14:23:47,528 INFO     ___FILE_ONLY___ ═
2026-01-16 14:23:47,528 INFO     ___FILE_ONLY___ ═
2026-01-16 14:23:47,528 INFO     ___FILE_ONLY___ ═
2026-01-16 14:23:47,529 INFO     ___FILE_ONLY___ ═
2026-01-16 14:23:47,529 INFO     ___FILE_ONLY___ ╝

2026-01-16 14:23:47,531 INFO     ___FILE_ONLY___ ╔════════════════════════════════════════════════════════════╗

2026-01-16 14:23:47,531 INFO     ___FILE_ONLY___ ╠═ Downloading: BigQuery Command Line Tool (Platform Spe... ═╣

2026-01-16 14:23:47,531 INFO     ___FILE_ONLY___ ╚
2026-01-16 14:23:47,532 DEBUG    root            On GCE from memory cache: False
2026-01-16 14:23:47,533 DEBUG    root            On GCE from memory cache: False
2026-01-16 14:23:47,535 DEBUG    urllib3.connectionpool Starting new HTTPS connection (1): dl.google.com:443
2026-01-16 14:23:48,468 DEBUG    urllib3.connectionpool https://dl.google.com:443 "GET /dl/cloudsdk/channels/rapid/components/google-cloud-sdk-bq-nix-20251031202127.tar.gz HTTP/1.1" 200 1932
2026-01-16 14:23:48,468 INFO     ___FILE_ONLY___ ════════════════════════════════════════════════════════════
2026-01-16 14:23:48,468 INFO     ___FILE_ONLY___ ╝

2026-01-16 14:23:48,470 INFO     ___FILE_ONLY___ ╔════════════════════════════════════════════════════════════╗

2026-01-16 14:23:48,470 INFO     ___FILE_ONLY___ ╠═ Downloading: Bundled Python 3.13                         ═╣

2026-01-16 14:23:48,470 INFO     ___FILE_ONLY___ ╚
2026-01-16 14:23:48,471 INFO     ___FILE_ONLY___ ════════════════════════════════════════════════════════════
2026-01-16 14:23:48,471 INFO     ___FILE_ONLY___ ╝

2026-01-16 14:23:48,472 INFO     ___FILE_ONLY___ ╔════════════════════════════════════════════════════════════╗

2026-01-16 14:23:48,472 INFO     ___FILE_ONLY___ ╠═ Downloading: Bundled Python 3.13 (Platform Specific)     ═╣

2026-01-16 14:23:48,473 INFO     ___FILE_ONLY___ ╚
2026-01-16 14:23:48,474 DEBUG    root            On GCE from memory cache: False
2026-01-16 14:23:48,475 DEBUG    root            On GCE from memory cache: False
2026-01-16 14:23:48,476 DEBUG    urllib3.connectionpool Starting new HTTPS connection (1): dl.google.com:443
2026-01-16 14:23:49,413 DEBUG    urllib3.connectionpool https://dl.google.com:443 "GET /dl/cloudsdk/channels/rapid/components/google-cloud-sdk-bundled-python3-unix-linux-x86_64-20251212160114.tar.gz HTTP/1.1" 200 145377271
2026-01-16 14:23:49,922 INFO     ___FILE_ONLY___ ═
2026-01-16 14:23:49,925 INFO     ___FILE_ONLY___ ═
2026-01-16 14:23:49,928 INFO     ___FILE_ONLY___ ═
2026-01-16 14:23:49,931 INFO     ___FILE_ONLY___ ═
2026-01-16 14:23:49,933 INFO     ___FILE_ONLY___ ═
2026-01-16 14:23:49,936 INFO     ___FILE_ONLY___ ═
2026-01-16 14:23:49,939 INFO     ___FILE_ONLY___ ═
2026-01-16 14:23:49,941 INFO     ___FILE_ONLY___ ═
2026-01-16 14:23:49,944 INFO     ___FILE_ONLY___ ═
2026-01-16 14:23:49,946 INFO     ___FILE_ONLY___ ═
2026-01-16 14:23:49,949 INFO     ___FILE_ONLY___ ═
2026-01-16 14:23:49,952 INFO     ___FILE_ONLY___ ═
2026-01-16 14:23:49,954 INFO     ___FILE_ONLY___ ═
2026-01-16 14:23:49,957 INFO     ___FILE_ONLY___ ═
2026-01-16 14:23:49,959 INFO     ___FILE_ONLY___ ═
2026-01-16 14:23:49,962 INFO     ___FILE_ONLY___ ═
2026-01-16 14:23:49,965 INFO     ___FILE_ONLY___ ═
2026-01-16 14:23:49,967 INFO     ___FILE_ONLY___ ═
2026-01-16 14:23:49,970 INFO     ___FILE_ONLY___ ═
2026-01-16 14:23:49,973 INFO     ___FILE_ONLY___ ═
2026-01-16 14:23:49,975 INFO     ___FILE_ONLY___ ═
2026-01-16 14:23:49,978 INFO     ___FILE_ONLY___ ═
2026-01-16 14:23:49,981 INFO     ___FILE_ONLY___ ═
2026-01-16 14:23:49,983 INFO     ___FILE_ONLY___ ═
2026-01-16 14:23:49,986 INFO     ___FILE_ONLY___ ═
2026-01-16 14:23:49,988 INFO     ___FILE_ONLY___ ═
2026-01-16 14:23:49,991 INFO     ___FILE_ONLY___ ═
2026-01-16 14:23:49,994 INFO     ___FILE_ONLY___ ═
2026-01-16 14:23:49,996 INFO     ___FILE_ONLY___ ═
2026-01-16 14:23:49,999 INFO     ___FILE_ONLY___ ═
2026-01-16 14:23:50,001 INFO     ___FILE_ONLY___ ═
2026-01-16 14:23:50,004 INFO     ___FILE_ONLY___ ═
2026-01-16 14:23:50,006 INFO     ___FILE_ONLY___ ═
2026-01-16 14:23:50,009 INFO     ___FILE_ONLY___ ═
2026-01-16 14:23:50,012 INFO     ___FILE_ONLY___ ═
2026-01-16 14:23:50,014 INFO     ___FILE_ONLY___ ═
2026-01-16 14:23:50,017 INFO     ___FILE_ONLY___ ═
2026-01-16 14:23:50,019 INFO     ___FILE_ONLY___ ═
2026-01-16 14:23:50,022 INFO     ___FILE_ONLY___ ═
2026-01-16 14:23:50,024 INFO     ___FILE_ONLY___ ═
2026-01-16 14:23:50,027 INFO     ___FILE_ONLY___ ═
2026-01-16 14:23:50,029 INFO     ___FILE_ONLY___ ═
2026-01-16 14:23:50,032 INFO     ___FILE_ONLY___ ═
2026-01-16 14:23:50,034 INFO     ___FILE_ONLY___ ═
2026-01-16 14:23:50,037 INFO     ___FILE_ONLY___ ═
2026-01-16 14:23:50,040 INFO     ___FILE_ONLY___ ═
2026-01-16 14:23:50,042 INFO     ___FILE_ONLY___ ═
2026-01-16 14:23:50,045 INFO     ___FILE_ONLY___ ═
2026-01-16 14:23:50,047 INFO     ___FILE_ONLY___ ═
2026-01-16 14:23:50,050 INFO     ___FILE_ONLY___ ═
2026-01-16 14:23:50,053 INFO     ___FILE_ONLY___ ═
2026-01-16 14:23:50,055 INFO     ___FILE_ONLY___ ═
2026-01-16 14:23:50,058 INFO     ___FILE_ONLY___ ═
2026-01-16 14:23:50,060 INFO     ___FILE_ONLY___ ═
2026-01-16 14:23:50,063 INFO     ___FILE_ONLY___ ═
2026-01-16 14:23:50,065 INFO     ___FILE_ONLY___ ═
2026-01-16 14:23:50,068 INFO     ___FILE_ONLY___ ═
2026-01-16 14:23:50,070 INFO     ___FILE_ONLY___ ═
2026-01-16 14:23:50,073 INFO     ___FILE_ONLY___ ═
2026-01-16 14:23:50,076 INFO     ___FILE_ONLY___ ═
2026-01-16 14:23:50,076 INFO     ___FILE_ONLY___ ╝

2026-01-16 14:23:50,078 INFO     ___FILE_ONLY___ ╔════════════════════════════════════════════════════════════╗

2026-01-16 14:23:50,078 INFO     ___FILE_ONLY___ ╠═ Downloading: Cloud Storage Command Line Tool             ═╣

2026-01-16 14:23:50,078 INFO     ___FILE_ONLY___ ╚
2026-01-16 14:23:50,079 DEBUG    root            On GCE from memory cache: False
2026-01-16 14:23:50,080 DEBUG    root            On GCE from memory cache: False
2026-01-16 14:23:50,081 DEBUG    urllib3.connectionpool Starting new HTTPS connection (1): dl.google.com:443
2026-01-16 14:23:50,248 DEBUG    urllib3.connectionpool https://dl.google.com:443 "GET /dl/cloudsdk/channels/rapid/components/google-cloud-sdk-gsutil-20250627154417.tar.gz HTTP/1.1" 200 12962791
2026-01-16 14:23:50,298 INFO     ___FILE_ONLY___ ═
2026-01-16 14:23:50,299 INFO     ___FILE_ONLY___ ═
2026-01-16 14:23:50,299 INFO     ___FILE_ONLY___ ═
2026-01-16 14:23:50,299 INFO     ___FILE_ONLY___ ═
2026-01-16 14:23:50,300 INFO     ___FILE_ONLY___ ═
2026-01-16 14:23:50,300 INFO     ___FILE_ONLY___ ═
2026-01-16 14:23:50,301 INFO     ___FILE_ONLY___ ═
2026-01-16 14:23:50,301 INFO     ___FILE_ONLY___ ═
2026-01-16 14:23:50,301 INFO     ___FILE_ONLY___ ═
2026-01-16 14:23:50,302 INFO     ___FILE_ONLY___ ═
2026-01-16 14:23:50,302 INFO     ___FILE_ONLY___ ═
2026-01-16 14:23:50,302 INFO     ___FILE_ONLY___ ═
2026-01-16 14:23:50,303 INFO     ___FILE_ONLY___ ═
2026-01-16 14:23:50,303 INFO     ___FILE_ONLY___ ═
2026-01-16 14:23:50,303 INFO     ___FILE_ONLY___ ═
2026-01-16 14:23:50,304 INFO     ___FILE_ONLY___ ═
2026-01-16 14:23:50,304 INFO     ___FILE_ONLY___ ═
2026-01-16 14:23:50,304 INFO     ___FILE_ONLY___ ═
2026-01-16 14:23:50,304 INFO     ___FILE_ONLY___ ═
2026-01-16 14:23:50,305 INFO     ___FILE_ONLY___ ═
2026-01-16 14:23:50,305 INFO     ___FILE_ONLY___ ═
2026-01-16 14:23:50,305 INFO     ___FILE_ONLY___ ═
2026-01-16 14:23:50,306 INFO     ___FILE_ONLY___ ═
2026-01-16 14:23:50,306 INFO     ___FILE_ONLY___ ═
2026-01-16 14:23:50,306 INFO     ___FILE_ONLY___ ═
2026-01-16 14:23:50,306 INFO     ___FILE_ONLY___ ═
2026-01-16 14:23:50,307 INFO     ___FILE_ONLY___ ═
2026-01-16 14:23:50,307 INFO     ___FILE_ONLY___ ═
2026-01-16 14:23:50,307 INFO     ___FILE_ONLY___ ═
2026-01-16 14:23:50,308 INFO     ___FILE_ONLY___ ═
2026-01-16 14:23:50,308 INFO     ___FILE_ONLY___ ═
2026-01-16 14:23:50,308 INFO     ___FILE_ONLY___ ═
2026-01-16 14:23:50,309 INFO     ___FILE_ONLY___ ═
2026-01-16 14:23:50,309 INFO     ___FILE_ONLY___ ═
2026-01-16 14:23:50,309 INFO     ___FILE_ONLY___ ═
2026-01-16 14:23:50,309 INFO     ___FILE_ONLY___ ═
2026-01-16 14:23:50,310 INFO     ___FILE_ONLY___ ═
2026-01-16 14:23:50,310 INFO     ___FILE_ONLY___ ═
2026-01-16 14:23:50,310 INFO     ___FILE_ONLY___ ═
2026-01-16 14:23:50,311 INFO     ___FILE_ONLY___ ═
2026-01-16 14:23:50,311 INFO     ___FILE_ONLY___ ═
2026-01-16 14:23:50,311 INFO     ___FILE_ONLY___ ═
2026-01-16 14:23:50,312 INFO     ___FILE_ONLY___ ═
2026-01-16 14:23:50,312 INFO     ___FILE_ONLY___ ═
2026-01-16 14:23:50,312 INFO     ___FILE_ONLY___ ═
2026-01-16 14:23:50,313 INFO     ___FILE_ONLY___ ═
2026-01-16 14:23:50,313 INFO     ___FILE_ONLY___ ═
2026-01-16 14:23:50,313 INFO     ___FILE_ONLY___ ═
2026-01-16 14:23:50,314 INFO     ___FILE_ONLY___ ═
2026-01-16 14:23:50,314 INFO     ___FILE_ONLY___ ═
2026-01-16 14:23:50,314 INFO     ___FILE_ONLY___ ═
2026-01-16 14:23:50,314 INFO     ___FILE_ONLY___ ═
2026-01-16 14:23:50,315 INFO     ___FILE_ONLY___ ═
2026-01-16 14:23:50,315 INFO     ___FILE_ONLY___ ═
2026-01-16 14:23:50,315 INFO     ___FILE_ONLY___ ═
2026-01-16 14:23:50,316 INFO     ___FILE_ONLY___ ═
2026-01-16 14:23:50,316 INFO     ___FILE_ONLY___ ═
2026-01-16 14:23:50,316 INFO     ___FILE_ONLY___ ═
2026-01-16 14:23:50,317 INFO     ___FILE_ONLY___ ═
2026-01-16 14:23:50,317 INFO     ___FILE_ONLY___ ═
2026-01-16 14:23:50,317 INFO     ___FILE_ONLY___ ╝

2026-01-16 14:23:50,319 INFO     ___FILE_ONLY___ ╔════════════════════════════════════════════════════════════╗

2026-01-16 14:23:50,319 INFO     ___FILE_ONLY___ ╠═ Downloading: Cloud Storage Command Line Tool (Platfor... ═╣

2026-01-16 14:23:50,319 INFO     ___FILE_ONLY___ ╚
2026-01-16 14:23:50,320 DEBUG    root            On GCE from memory cache: False
2026-01-16 14:23:50,321 DEBUG    root            On GCE from memory cache: False
2026-01-16 14:23:50,322 DEBUG    urllib3.connectionpool Starting new HTTPS connection (1): dl.google.com:443
2026-01-16 14:23:51,293 DEBUG    urllib3.connectionpool https://dl.google.com:443 "GET /dl/cloudsdk/channels/rapid/components/google-cloud-sdk-gsutil-nix-20251031202127.tar.gz HTTP/1.1" 200 1949
2026-01-16 14:23:51,293 INFO     ___FILE_ONLY___ ════════════════════════════════════════════════════════════
2026-01-16 14:23:51,294 INFO     ___FILE_ONLY___ ╝

2026-01-16 14:23:51,295 INFO     ___FILE_ONLY___ ╔════════════════════════════════════════════════════════════╗

2026-01-16 14:23:51,296 INFO     ___FILE_ONLY___ ╠═ Downloading: Default set of gcloud commands              ═╣

2026-01-16 14:23:51,296 INFO     ___FILE_ONLY___ ╚
2026-01-16 14:23:51,296 INFO     ___FILE_ONLY___ ════════════════════════════════════════════════════════════
2026-01-16 14:23:51,296 INFO     ___FILE_ONLY___ ╝

2026-01-16 14:23:51,297 INFO     ___FILE_ONLY___ ╔════════════════════════════════════════════════════════════╗

2026-01-16 14:23:51,298 INFO     ___FILE_ONLY___ ╠═ Downloading: Google Cloud CLI Core Libraries (Platfor... ═╣

2026-01-16 14:23:51,298 INFO     ___FILE_ONLY___ ╚
2026-01-16 14:23:51,299 DEBUG    root            On GCE from memory cache: False
2026-01-16 14:23:51,300 DEBUG    root            On GCE from memory cache: False
2026-01-16 14:23:51,301 DEBUG    urllib3.connectionpool Starting new HTTPS connection (1): dl.google.com:443
2026-01-16 14:23:52,198 DEBUG    urllib3.connectionpool https://dl.google.com:443 "GET /dl/cloudsdk/channels/rapid/components/google-cloud-sdk-core-nix-20251031202127.tar.gz HTTP/1.1" 200 2326
2026-01-16 14:23:52,199 INFO     ___FILE_ONLY___ ════════════════════════════════════════════════════════════
2026-01-16 14:23:52,199 INFO     ___FILE_ONLY___ ╝

2026-01-16 14:23:52,201 INFO     ___FILE_ONLY___ ╔════════════════════════════════════════════════════════════╗

2026-01-16 14:23:52,201 INFO     ___FILE_ONLY___ ╠═ Downloading: Google Cloud CRC32C Hash Tool               ═╣

2026-01-16 14:23:52,201 INFO     ___FILE_ONLY___ ╚
2026-01-16 14:23:52,201 INFO     ___FILE_ONLY___ ════════════════════════════════════════════════════════════
2026-01-16 14:23:52,201 INFO     ___FILE_ONLY___ ╝

2026-01-16 14:23:52,203 INFO     ___FILE_ONLY___ ╔════════════════════════════════════════════════════════════╗

2026-01-16 14:23:52,203 INFO     ___FILE_ONLY___ ╠═ Downloading: Google Cloud CRC32C Hash Tool (Platform ... ═╣

2026-01-16 14:23:52,203 INFO     ___FILE_ONLY___ ╚
2026-01-16 14:23:52,204 DEBUG    root            On GCE from memory cache: False
2026-01-16 14:23:52,205 DEBUG    root            On GCE from memory cache: False
2026-01-16 14:23:52,206 DEBUG    urllib3.connectionpool Starting new HTTPS connection (1): dl.google.com:443
2026-01-16 14:23:53,167 DEBUG    urllib3.connectionpool https://dl.google.com:443 "GET /dl/cloudsdk/channels/rapid/components/google-cloud-sdk-gcloud-crc32c-linux-x86_64-20260102151133.tar.gz HTTP/1.1" 200 1531363
2026-01-16 14:23:53,179 INFO     ___FILE_ONLY___ ═
2026-01-16 14:23:53,180 INFO     ___FILE_ONLY___ ═
2026-01-16 14:23:53,180 INFO     ___FILE_ONLY___ ═
2026-01-16 14:23:53,180 INFO     ___FILE_ONLY___ ═
2026-01-16 14:23:53,180 INFO     ___FILE_ONLY___ ═
2026-01-16 14:23:53,180 INFO     ___FILE_ONLY___ ═
2026-01-16 14:23:53,180 INFO     ___FILE_ONLY___ ═
2026-01-16 14:23:53,180 INFO     ___FILE_ONLY___ ═
2026-01-16 14:23:53,180 INFO     ___FILE_ONLY___ ═
2026-01-16 14:23:53,180 INFO     ___FILE_ONLY___ ═
2026-01-16 14:23:53,181 INFO     ___FILE_ONLY___ ═
2026-01-16 14:23:53,181 INFO     ___FILE_ONLY___ ═
2026-01-16 14:23:53,181 INFO     ___FILE_ONLY___ ═
2026-01-16 14:23:53,181 INFO     ___FILE_ONLY___ ═
2026-01-16 14:23:53,181 INFO     ___FILE_ONLY___ ═
2026-01-16 14:23:53,181 INFO     ___FILE_ONLY___ ═
2026-01-16 14:23:53,181 INFO     ___FILE_ONLY___ ═
2026-01-16 14:23:53,181 INFO     ___FILE_ONLY___ ═
2026-01-16 14:23:53,181 INFO     ___FILE_ONLY___ ═
2026-01-16 14:23:53,181 INFO     ___FILE_ONLY___ ═
2026-01-16 14:23:53,182 INFO     ___FILE_ONLY___ ═
2026-01-16 14:23:53,182 INFO     ___FILE_ONLY___ ═
2026-01-16 14:23:53,182 INFO     ___FILE_ONLY___ ═
2026-01-16 14:23:53,182 INFO     ___FILE_ONLY___ ═
2026-01-16 14:23:53,182 INFO     ___FILE_ONLY___ ═
2026-01-16 14:23:53,182 INFO     ___FILE_ONLY___ ═
2026-01-16 14:23:53,182 INFO     ___FILE_ONLY___ ═
2026-01-16 14:23:53,182 INFO     ___FILE_ONLY___ ═
2026-01-16 14:23:53,182 INFO     ___FILE_ONLY___ ═
2026-01-16 14:23:53,182 INFO     ___FILE_ONLY___ ═
2026-01-16 14:23:53,182 INFO     ___FILE_ONLY___ ═
2026-01-16 14:23:53,183 INFO     ___FILE_ONLY___ ═
2026-01-16 14:23:53,183 INFO     ___FILE_ONLY___ ═
2026-01-16 14:23:53,183 INFO     ___FILE_ONLY___ ═
2026-01-16 14:23:53,183 INFO     ___FILE_ONLY___ ═
2026-01-16 14:23:53,183 INFO     ___FILE_ONLY___ ═
2026-01-16 14:23:53,183 INFO     ___FILE_ONLY___ ═
2026-01-16 14:23:53,183 INFO     ___FILE_ONLY___ ═
2026-01-16 14:23:53,183 INFO     ___FILE_ONLY___ ═
2026-01-16 14:23:53,183 INFO     ___FILE_ONLY___ ═
2026-01-16 14:23:53,183 INFO     ___FILE_ONLY___ ═
2026-01-16 14:23:53,183 INFO     ___FILE_ONLY___ ═
2026-01-16 14:23:53,183 INFO     ___FILE_ONLY___ ═
2026-01-16 14:23:53,184 INFO     ___FILE_ONLY___ ═
2026-01-16 14:23:53,184 INFO     ___FILE_ONLY___ ═
2026-01-16 14:23:53,184 INFO     ___FILE_ONLY___ ═
2026-01-16 14:23:53,184 INFO     ___FILE_ONLY___ ═
2026-01-16 14:23:53,184 INFO     ___FILE_ONLY___ ═
2026-01-16 14:23:53,184 INFO     ___FILE_ONLY___ ═
2026-01-16 14:23:53,184 INFO     ___FILE_ONLY___ ═
2026-01-16 14:23:53,184 INFO     ___FILE_ONLY___ ═
2026-01-16 14:23:53,184 INFO     ___FILE_ONLY___ ═
2026-01-16 14:23:53,184 INFO     ___FILE_ONLY___ ═
2026-01-16 14:23:53,184 INFO     ___FILE_ONLY___ ═
2026-01-16 14:23:53,185 INFO     ___FILE_ONLY___ ═
2026-01-16 14:23:53,185 INFO     ___FILE_ONLY___ ═
2026-01-16 14:23:53,185 INFO     ___FILE_ONLY___ ═
2026-01-16 14:23:53,185 INFO     ___FILE_ONLY___ ═
2026-01-16 14:23:53,185 INFO     ___FILE_ONLY___ ═
2026-01-16 14:23:53,185 INFO     ___FILE_ONLY___ ═
2026-01-16 14:23:53,185 INFO     ___FILE_ONLY___ ╝

2026-01-16 14:23:53,187 INFO     ___FILE_ONLY___ ╔════════════════════════════════════════════════════════════╗

2026-01-16 14:23:53,187 INFO     ___FILE_ONLY___ ╠═ Downloading: gcloud cli dependencies (Platform Specific) ═╣

2026-01-16 14:23:53,187 INFO     ___FILE_ONLY___ ╚
2026-01-16 14:23:53,188 DEBUG    root            On GCE from memory cache: False
2026-01-16 14:23:53,189 DEBUG    root            On GCE from memory cache: False
2026-01-16 14:23:53,190 DEBUG    urllib3.connectionpool Starting new HTTPS connection (1): dl.google.com:443
2026-01-16 14:23:54,109 DEBUG    urllib3.connectionpool https://dl.google.com:443 "GET /dl/cloudsdk/channels/rapid/components/google-cloud-sdk-gcloud-deps-linux-x86_64-20210416153011.tar.gz HTTP/1.1" 200 104
2026-01-16 14:23:54,110 INFO     ___FILE_ONLY___ ════════════════════════════════════════════════════════════
2026-01-16 14:23:54,110 INFO     ___FILE_ONLY___ ╝

2026-01-16 14:23:54,112 INFO     ___FILE_ONLY___ ╔════════════════════════════════════════════════════════════╗

2026-01-16 14:23:54,112 INFO     ___FILE_ONLY___ ╠═ Installing: BigQuery Command Line Tool                   ═╣

2026-01-16 14:23:54,112 INFO     ___FILE_ONLY___ ╚
2026-01-16 14:23:54,212 INFO     ___FILE_ONLY___ ═
2026-01-16 14:23:54,215 INFO     ___FILE_ONLY___ ═
2026-01-16 14:23:54,218 INFO     ___FILE_ONLY___ ═
2026-01-16 14:23:54,220 INFO     ___FILE_ONLY___ ═
2026-01-16 14:23:54,223 INFO     ___FILE_ONLY___ ═
2026-01-16 14:23:54,225 INFO     ___FILE_ONLY___ ═
2026-01-16 14:23:54,227 INFO     ___FILE_ONLY___ ═
2026-01-16 14:23:54,230 INFO     ___FILE_ONLY___ ═
2026-01-16 14:23:54,232 INFO     ___FILE_ONLY___ ═
2026-01-16 14:23:54,234 INFO     ___FILE_ONLY___ ═
2026-01-16 14:23:54,236 INFO     ___FILE_ONLY___ ═
2026-01-16 14:23:54,239 INFO     ___FILE_ONLY___ ═
2026-01-16 14:23:54,241 INFO     ___FILE_ONLY___ ═
2026-01-16 14:23:54,243 INFO     ___FILE_ONLY___ ═
2026-01-16 14:23:54,246 INFO     ___FILE_ONLY___ ═
2026-01-16 14:23:54,248 INFO     ___FILE_ONLY___ ═
2026-01-16 14:23:54,250 INFO     ___FILE_ONLY___ ═
2026-01-16 14:23:54,254 INFO     ___FILE_ONLY___ ═
2026-01-16 14:23:54,256 INFO     ___FILE_ONLY___ ═
2026-01-16 14:23:54,258 INFO     ___FILE_ONLY___ ═
2026-01-16 14:23:54,261 INFO     ___FILE_ONLY___ ═
2026-01-16 14:23:54,262 INFO     ___FILE_ONLY___ ═
2026-01-16 14:23:54,265 INFO     ___FILE_ONLY___ ═
2026-01-16 14:23:54,267 INFO     ___FILE_ONLY___ ═
2026-01-16 14:23:54,269 INFO     ___FILE_ONLY___ ═
2026-01-16 14:23:54,271 INFO     ___FILE_ONLY___ ═
2026-01-16 14:23:54,273 INFO     ___FILE_ONLY___ ═
2026-01-16 14:23:54,275 INFO     ___FILE_ONLY___ ═
2026-01-16 14:23:54,277 INFO     ___FILE_ONLY___ ═
2026-01-16 14:23:54,279 INFO     ___FILE_ONLY___ ═
2026-01-16 14:23:54,280 INFO     ___FILE_ONLY___ ═
2026-01-16 14:23:54,282 INFO     ___FILE_ONLY___ ═
2026-01-16 14:23:54,284 INFO     ___FILE_ONLY___ ═
2026-01-16 14:23:54,287 INFO     ___FILE_ONLY___ ═
2026-01-16 14:23:54,289 INFO     ___FILE_ONLY___ ═
2026-01-16 14:23:54,291 INFO     ___FILE_ONLY___ ═
2026-01-16 14:23:54,294 INFO     ___FILE_ONLY___ ═
2026-01-16 14:23:54,297 INFO     ___FILE_ONLY___ ═
2026-01-16 14:23:54,308 INFO     ___FILE_ONLY___ ═
2026-01-16 14:23:54,312 INFO     ___FILE_ONLY___ ═
2026-01-16 14:23:54,315 INFO     ___FILE_ONLY___ ═
2026-01-16 14:23:54,317 INFO     ___FILE_ONLY___ ═
2026-01-16 14:23:54,320 INFO     ___FILE_ONLY___ ═
2026-01-16 14:23:54,322 INFO     ___FILE_ONLY___ ═
2026-01-16 14:23:54,325 INFO     ___FILE_ONLY___ ═
2026-01-16 14:23:54,330 INFO     ___FILE_ONLY___ ═
2026-01-16 14:23:54,332 INFO     ___FILE_ONLY___ ═
2026-01-16 14:23:54,335 INFO     ___FILE_ONLY___ ═
2026-01-16 14:23:54,337 INFO     ___FILE_ONLY___ ═
2026-01-16 14:23:54,339 INFO     ___FILE_ONLY___ ═
2026-01-16 14:23:54,342 INFO     ___FILE_ONLY___ ═
2026-01-16 14:23:54,345 INFO     ___FILE_ONLY___ ═
2026-01-16 14:23:54,347 INFO     ___FILE_ONLY___ ═
2026-01-16 14:23:54,350 INFO     ___FILE_ONLY___ ═
2026-01-16 14:23:54,352 INFO     ___FILE_ONLY___ ═
2026-01-16 14:23:54,354 INFO     ___FILE_ONLY___ ═
2026-01-16 14:23:54,357 INFO     ___FILE_ONLY___ ═
2026-01-16 14:23:54,360 INFO     ___FILE_ONLY___ ═
2026-01-16 14:23:54,362 INFO     ___FILE_ONLY___ ═
2026-01-16 14:23:54,364 INFO     ___FILE_ONLY___ ═
2026-01-16 14:23:54,364 INFO     ___FILE_ONLY___ ╝

2026-01-16 14:23:54,372 INFO     ___FILE_ONLY___ ╔════════════════════════════════════════════════════════════╗

2026-01-16 14:23:54,372 INFO     ___FILE_ONLY___ ╠═ Installing: BigQuery Command Line Tool (Platform Spec... ═╣

2026-01-16 14:23:54,372 INFO     ___FILE_ONLY___ ╚
2026-01-16 14:23:54,373 INFO     ___FILE_ONLY___ ════════════════════════════════════════════════════════════
2026-01-16 14:23:54,373 INFO     ___FILE_ONLY___ ╝

2026-01-16 14:23:54,378 INFO     ___FILE_ONLY___ ╔════════════════════════════════════════════════════════════╗

2026-01-16 14:23:54,378 INFO     ___FILE_ONLY___ ╠═ Installing: Bundled Python 3.13                          ═╣

2026-01-16 14:23:54,378 INFO     ___FILE_ONLY___ ╚
2026-01-16 14:23:54,382 INFO     ___FILE_ONLY___ ════════════════════════════════════════════════════════════
2026-01-16 14:23:54,382 INFO     ___FILE_ONLY___ ╝

2026-01-16 14:23:54,384 INFO     ___FILE_ONLY___ ╔════════════════════════════════════════════════════════════╗

2026-01-16 14:23:54,384 INFO     ___FILE_ONLY___ ╠═ Installing: Bundled Python 3.13 (Platform Specific)      ═╣

2026-01-16 14:23:54,384 INFO     ___FILE_ONLY___ ╚
2026-01-16 14:23:57,479 INFO     ___FILE_ONLY___ ═
2026-01-16 14:23:57,494 INFO     ___FILE_ONLY___ ═
2026-01-16 14:23:57,507 INFO     ___FILE_ONLY___ ═
2026-01-16 14:23:59,857 INFO     ___FILE_ONLY___ ═
2026-01-16 14:23:59,881 INFO     ___FILE_ONLY___ ═
2026-01-16 14:23:59,908 INFO     ___FILE_ONLY___ ═
2026-01-16 14:23:59,927 INFO     ___FILE_ONLY___ ═
2026-01-16 14:23:59,957 INFO     ___FILE_ONLY___ ═
2026-01-16 14:23:59,972 INFO     ___FILE_ONLY___ ═
2026-01-16 14:24:00,067 INFO     ___FILE_ONLY___ ═
2026-01-16 14:24:00,084 INFO     ___FILE_ONLY___ ═
2026-01-16 14:24:00,101 INFO     ___FILE_ONLY___ ═
2026-01-16 14:24:00,130 INFO     ___FILE_ONLY___ ═
2026-01-16 14:24:00,145 INFO     ___FILE_ONLY___ ═
2026-01-16 14:24:00,161 INFO     ___FILE_ONLY___ ═
2026-01-16 14:24:00,174 INFO     ___FILE_ONLY___ ═
2026-01-16 14:24:00,189 INFO     ___FILE_ONLY___ ═
2026-01-16 14:24:00,205 INFO     ___FILE_ONLY___ ═
2026-01-16 14:24:00,220 INFO     ___FILE_ONLY___ ═
2026-01-16 14:24:00,236 INFO     ___FILE_ONLY___ ═
2026-01-16 14:24:00,253 INFO     ___FILE_ONLY___ ═
2026-01-16 14:24:00,269 INFO     ___FILE_ONLY___ ═
2026-01-16 14:24:00,285 INFO     ___FILE_ONLY___ ═
2026-01-16 14:24:00,303 INFO     ___FILE_ONLY___ ═
2026-01-16 14:24:00,926 INFO     ___FILE_ONLY___ ═
2026-01-16 14:24:00,946 INFO     ___FILE_ONLY___ ═
2026-01-16 14:24:00,973 INFO     ___FILE_ONLY___ ═
2026-01-16 14:24:00,986 INFO     ___FILE_ONLY___ ═
2026-01-16 14:24:00,997 INFO     ___FILE_ONLY___ ═
2026-01-16 14:24:01,009 INFO     ___FILE_ONLY___ ═
2026-01-16 14:24:01,021 INFO     ___FILE_ONLY___ ═
2026-01-16 14:24:01,033 INFO     ___FILE_ONLY___ ═
2026-01-16 14:24:01,045 INFO     ___FILE_ONLY___ ═
2026-01-16 14:24:01,056 INFO     ___FILE_ONLY___ ═
2026-01-16 14:24:01,067 INFO     ___FILE_ONLY___ ═
2026-01-16 14:24:01,079 INFO     ___FILE_ONLY___ ═
2026-01-16 14:24:01,090 INFO     ___FILE_ONLY___ ═
2026-01-16 14:24:01,101 INFO     ___FILE_ONLY___ ═
2026-01-16 14:24:01,113 INFO     ___FILE_ONLY___ ═
2026-01-16 14:24:01,125 INFO     ___FILE_ONLY___ ═
2026-01-16 14:24:01,137 INFO     ___FILE_ONLY___ ═
2026-01-16 14:24:01,148 INFO     ___FILE_ONLY___ ═
2026-01-16 14:24:01,160 INFO     ___FILE_ONLY___ ═
2026-01-16 14:24:01,171 INFO     ___FILE_ONLY___ ═
2026-01-16 14:24:01,183 INFO     ___FILE_ONLY___ ═
2026-01-16 14:24:01,194 INFO     ___FILE_ONLY___ ═
2026-01-16 14:24:01,206 INFO     ___FILE_ONLY___ ═
2026-01-16 14:24:01,217 INFO     ___FILE_ONLY___ ═
2026-01-16 14:24:01,228 INFO     ___FILE_ONLY___ ═
2026-01-16 14:24:01,240 INFO     ___FILE_ONLY___ ═
2026-01-16 14:24:01,251 INFO     ___FILE_ONLY___ ═
2026-01-16 14:24:01,263 INFO     ___FILE_ONLY___ ═
2026-01-16 14:24:01,274 INFO     ___FILE_ONLY___ ═
2026-01-16 14:24:01,286 INFO     ___FILE_ONLY___ ═
2026-01-16 14:24:01,297 INFO     ___FILE_ONLY___ ═
2026-01-16 14:24:01,309 INFO     ___FILE_ONLY___ ═
2026-01-16 14:24:01,321 INFO     ___FILE_ONLY___ ═
2026-01-16 14:24:01,332 INFO     ___FILE_ONLY___ ═
2026-01-16 14:24:01,343 INFO     ___FILE_ONLY___ ═
2026-01-16 14:24:01,355 INFO     ___FILE_ONLY___ ═
2026-01-16 14:24:01,355 INFO     ___FILE_ONLY___ ╝

2026-01-16 14:24:01,415 INFO     ___FILE_ONLY___ ╔════════════════════════════════════════════════════════════╗

2026-01-16 14:24:01,415 INFO     ___FILE_ONLY___ ╠═ Installing: Cloud Storage Command Line Tool              ═╣

2026-01-16 14:24:01,415 INFO     ___FILE_ONLY___ ╚
2026-01-16 14:24:01,966 INFO     ___FILE_ONLY___ ═
2026-01-16 14:24:01,977 INFO     ___FILE_ONLY___ ═
2026-01-16 14:24:01,987 INFO     ___FILE_ONLY___ ═
2026-01-16 14:24:01,997 INFO     ___FILE_ONLY___ ═
2026-01-16 14:24:02,006 INFO     ___FILE_ONLY___ ═
2026-01-16 14:24:02,039 INFO     ___FILE_ONLY___ ═
2026-01-16 14:24:02,051 INFO     ___FILE_ONLY___ ═
2026-01-16 14:24:02,066 INFO     ___FILE_ONLY___ ═
2026-01-16 14:24:02,080 INFO     ___FILE_ONLY___ ═
2026-01-16 14:24:02,094 INFO     ___FILE_ONLY___ ═
2026-01-16 14:24:02,111 INFO     ___FILE_ONLY___ ═
2026-01-16 14:24:02,121 INFO     ___FILE_ONLY___ ═
2026-01-16 14:24:02,132 INFO     ___FILE_ONLY___ ═
2026-01-16 14:24:02,140 INFO     ___FILE_ONLY___ ═
2026-01-16 14:24:02,149 INFO     ___FILE_ONLY___ ═
2026-01-16 14:24:02,165 INFO     ___FILE_ONLY___ ═
2026-01-16 14:24:02,178 INFO     ___FILE_ONLY___ ═
2026-01-16 14:24:02,186 INFO     ___FILE_ONLY___ ═
2026-01-16 14:24:02,197 INFO     ___FILE_ONLY___ ═
2026-01-16 14:24:02,207 INFO     ___FILE_ONLY___ ═
2026-01-16 14:24:02,216 INFO     ___FILE_ONLY___ ═
2026-01-16 14:24:02,228 INFO     ___FILE_ONLY___ ═
2026-01-16 14:24:02,237 INFO     ___FILE_ONLY___ ═
2026-01-16 14:24:02,248 INFO     ___FILE_ONLY___ ═
2026-01-16 14:24:02,257 INFO     ___FILE_ONLY___ ═
2026-01-16 14:24:02,266 INFO     ___FILE_ONLY___ ═
2026-01-16 14:24:02,276 INFO     ___FILE_ONLY___ ═
2026-01-16 14:24:02,288 INFO     ___FILE_ONLY___ ═
2026-01-16 14:24:02,304 INFO     ___FILE_ONLY___ ═
2026-01-16 14:24:02,315 INFO     ___FILE_ONLY___ ═
2026-01-16 14:24:02,326 INFO     ___FILE_ONLY___ ═
2026-01-16 14:24:02,347 INFO     ___FILE_ONLY___ ═
2026-01-16 14:24:02,361 INFO     ___FILE_ONLY___ ═
2026-01-16 14:24:02,379 INFO     ___FILE_ONLY___ ═
2026-01-16 14:24:02,392 INFO     ___FILE_ONLY___ ═
2026-01-16 14:24:02,408 INFO     ___FILE_ONLY___ ═
2026-01-16 14:24:02,417 INFO     ___FILE_ONLY___ ═
2026-01-16 14:24:02,427 INFO     ___FILE_ONLY___ ═
2026-01-16 14:24:02,461 INFO     ___FILE_ONLY___ ═
2026-01-16 14:24:02,474 INFO     ___FILE_ONLY___ ═
2026-01-16 14:24:02,485 INFO     ___FILE_ONLY___ ═
2026-01-16 14:24:02,494 INFO     ___FILE_ONLY___ ═
2026-01-16 14:24:02,503 INFO     ___FILE_ONLY___ ═
2026-01-16 14:24:02,513 INFO     ___FILE_ONLY___ ═
2026-01-16 14:24:02,523 INFO     ___FILE_ONLY___ ═
2026-01-16 14:24:02,532 INFO     ___FILE_ONLY___ ═
2026-01-16 14:24:02,541 INFO     ___FILE_ONLY___ ═
2026-01-16 14:24:02,550 INFO     ___FILE_ONLY___ ═
2026-01-16 14:24:02,560 INFO     ___FILE_ONLY___ ═
2026-01-16 14:24:02,572 INFO     ___FILE_ONLY___ ═
2026-01-16 14:24:02,586 INFO     ___FILE_ONLY___ ═
2026-01-16 14:24:02,598 INFO     ___FILE_ONLY___ ═
2026-01-16 14:24:02,610 INFO     ___FILE_ONLY___ ═
2026-01-16 14:24:02,623 INFO     ___FILE_ONLY___ ═
2026-01-16 14:24:02,635 INFO     ___FILE_ONLY___ ═
2026-01-16 14:24:02,650 INFO     ___FILE_ONLY___ ═
2026-01-16 14:24:02,665 INFO     ___FILE_ONLY___ ═
2026-01-16 14:24:02,685 INFO     ___FILE_ONLY___ ═
2026-01-16 14:24:02,701 INFO     ___FILE_ONLY___ ═
2026-01-16 14:24:02,718 INFO     ___FILE_ONLY___ ═
2026-01-16 14:24:02,718 INFO     ___FILE_ONLY___ ╝

2026-01-16 14:24:02,748 INFO     ___FILE_ONLY___ ╔════════════════════════════════════════════════════════════╗

2026-01-16 14:24:02,748 INFO     ___FILE_ONLY___ ╠═ Installing: Cloud Storage Command Line Tool (Platform... ═╣

2026-01-16 14:24:02,748 INFO     ___FILE_ONLY___ ╚
2026-01-16 14:24:02,749 INFO     ___FILE_ONLY___ ════════════════════════════════════════════════════════════
2026-01-16 14:24:02,749 INFO     ___FILE_ONLY___ ╝

2026-01-16 14:24:02,753 INFO     ___FILE_ONLY___ ╔════════════════════════════════════════════════════════════╗

2026-01-16 14:24:02,754 INFO     ___FILE_ONLY___ ╠═ Installing: Default set of gcloud commands               ═╣

2026-01-16 14:24:02,754 INFO     ___FILE_ONLY___ ╚
2026-01-16 14:24:02,756 INFO     ___FILE_ONLY___ ════════════════════════════════════════════════════════════
2026-01-16 14:24:02,756 INFO     ___FILE_ONLY___ ╝

2026-01-16 14:24:02,758 INFO     ___FILE_ONLY___ ╔════════════════════════════════════════════════════════════╗

2026-01-16 14:24:02,758 INFO     ___FILE_ONLY___ ╠═ Installing: Google Cloud CLI Core Libraries (Platform... ═╣

2026-01-16 14:24:02,758 INFO     ___FILE_ONLY___ ╚
2026-01-16 14:24:02,759 INFO     ___FILE_ONLY___ ══════════════════════════════
2026-01-16 14:24:02,759 INFO     ___FILE_ONLY___ ══════════════════════════════
2026-01-16 14:24:02,759 INFO     ___FILE_ONLY___ ╝

2026-01-16 14:24:02,763 INFO     ___FILE_ONLY___ ╔════════════════════════════════════════════════════════════╗

2026-01-16 14:24:02,763 INFO     ___FILE_ONLY___ ╠═ Installing: Google Cloud CRC32C Hash Tool                ═╣

2026-01-16 14:24:02,763 INFO     ___FILE_ONLY___ ╚
2026-01-16 14:24:02,766 INFO     ___FILE_ONLY___ ════════════════════════════════════════════════════════════
2026-01-16 14:24:02,766 INFO     ___FILE_ONLY___ ╝

2026-01-16 14:24:02,767 INFO     ___FILE_ONLY___ ╔════════════════════════════════════════════════════════════╗

2026-01-16 14:24:02,767 INFO     ___FILE_ONLY___ ╠═ Installing: Google Cloud CRC32C Hash Tool (Platform S... ═╣

2026-01-16 14:24:02,767 INFO     ___FILE_ONLY___ ╚
2026-01-16 14:24:02,802 INFO     ___FILE_ONLY___ ══════════════════════════════
2026-01-16 14:24:02,803 INFO     ___FILE_ONLY___ ══════════════════════════════
2026-01-16 14:24:02,803 INFO     ___FILE_ONLY___ ╝

2026-01-16 14:24:02,808 INFO     ___FILE_ONLY___ ╔════════════════════════════════════════════════════════════╗

2026-01-16 14:24:02,808 INFO     ___FILE_ONLY___ ╠═ Installing: gcloud cli dependencies (Platform Specific)  ═╣

2026-01-16 14:24:02,808 INFO     ___FILE_ONLY___ ╚
2026-01-16 14:24:02,808 INFO     ___FILE_ONLY___ ════════════════════════════════════════════════════════════
2026-01-16 14:24:02,808 INFO     ___FILE_ONLY___ ╝

2026-01-16 14:24:02,813 DEBUG    root            Updating notification cache...
2026-01-16 14:24:02,813 INFO     ___FILE_ONLY___ 

2026-01-16 14:24:02,815 INFO     ___FILE_ONLY___ Performing post processing steps...
2026-01-16 14:24:02,815 DEBUG    root            Executing command: ['/tools/google-cloud-sdk/bin/gcloud', 'components', 'post-process']
2026-01-16 14:24:12,168 DEBUG    ___FILE_ONLY___ 
2026-01-16 14:24:12,168 DEBUG    ___FILE_ONLY___ 
2026-01-16 14:24:12,371 INFO     root            descriptor_list: [{'universeDomain': 'googleapis.com', 'universeShortName': '', 'authenticationDomain': 'auth.cloud.google.com', 'projectPrefix': '', 'cloudWebDomain': 'cloud.google.com', 'documentationDomain': 'cloud.google.com', 'version': '1.0.0', 'state': 'primary', 'artifactRegistryDomain': 'pkg.dev'}]
2026-01-16 14:24:12,372 INFO     ___FILE_ONLY___ 
Update done!


2026-01-16 14:24:12,376 DEBUG    root            Chosen display Format:none
2026-01-16 14:24:12,376 INFO     root            Display format: "none"
