2026-01-16 14:24:13,072 DEBUG    root            Loaded Command Group: ['gcloud', 'components']
2026-01-16 14:24:13,105 DEBUG    root            Loaded Command Group: ['gcloud', 'components', 'update']
2026-01-16 14:24:13,107 DEBUG    root            Running [gcloud.components.update] with arguments: [--quiet: "True", COMPONENT-IDS:8: "['gcloud', 'core', 'bq', 'gsutil', 'compute', 'preview', 'alpha', 'beta']"]
2026-01-16 14:24:13,108 DEBUG    root            On GCE from disk cache: False
2026-01-16 14:24:13,108 INFO     ___FILE_ONLY___ Beginning update. This process may take several minutes.

2026-01-16 14:24:13,109 DEBUG    root            On GCE from memory cache: False
2026-01-16 14:24:13,115 DEBUG    root            On GCE from memory cache: False
2026-01-16 14:24:13,117 DEBUG    urllib3.connectionpool Starting new HTTPS connection (1): dl.google.com:443
2026-01-16 14:24:14,025 DEBUG    urllib3.connectionpool https://dl.google.com:443 "GET /dl/cloudsdk/channels/rapid/components-2.json HTTP/1.1" 200 24572
2026-01-16 14:24:14,042 WARNING  root            Component [compute] no longer exists.
2026-01-16 14:24:14,043 INFO     ___FILE_ONLY___ 

2026-01-16 14:24:14,043 INFO     ___FILE_ONLY___ 
Your current Google Cloud CLI version is: 552.0.0

2026-01-16 14:24:14,044 INFO     ___FILE_ONLY___ Installing components from version: 552.0.0

2026-01-16 14:24:14,044 INFO     ___FILE_ONLY___ 

2026-01-16 14:24:14,044 DEBUG    root            Chosen display Format:table[box,title="These components will be removed."](details.display_name:label=Name:align=left,version.version_string:label=Version:align=right,data.size.size(zero="",min=1048576):label=Size:align=right)
2026-01-16 14:24:14,045 DEBUG    root            Chosen display Format:table[box,title="These components will be updated."](details.display_name:label=Name:align=left,version.version_string:label=Version:align=right,data.size.size(zero="",min=1048576):label=Size:align=right)
2026-01-16 14:24:14,045 DEBUG    root            Chosen display Format:table[box,title="These components will be installed."](details.display_name:label=Name:align=left,version.version_string:label=Version:align=right,data.size.size(zero="",min=1048576):label=Size:align=right)
2026-01-16 14:24:14,067 INFO     ___FILE_ONLY___ ┌────────────────────────────────────────────────┐
2026-01-16 14:24:14,068 INFO     ___FILE_ONLY___ 

2026-01-16 14:24:14,068 INFO     ___FILE_ONLY___ │      These components will be installed.       │
2026-01-16 14:24:14,068 INFO     ___FILE_ONLY___ 

2026-01-16 14:24:14,068 INFO     ___FILE_ONLY___ ├─────────────────────────┬────────────┬─────────┤
2026-01-16 14:24:14,068 INFO     ___FILE_ONLY___ 

2026-01-16 14:24:14,068 INFO     ___FILE_ONLY___ │           Name          │  Version   │   Size  │
2026-01-16 14:24:14,068 INFO     ___FILE_ONLY___ 

2026-01-16 14:24:14,068 INFO     ___FILE_ONLY___ ├─────────────────────────┼────────────┼─────────┤
2026-01-16 14:24:14,068 INFO     ___FILE_ONLY___ 

2026-01-16 14:24:14,068 INFO     ___FILE_ONLY___ │ 
2026-01-16 14:24:14,068 INFO     ___FILE_ONLY___ gcloud Alpha Commands  
2026-01-16 14:24:14,068 INFO     ___FILE_ONLY___  
2026-01-16 14:24:14,068 INFO     ___FILE_ONLY___ │ 
2026-01-16 14:24:14,068 INFO     ___FILE_ONLY___ 2026.01.09
2026-01-16 14:24:14,068 INFO     ___FILE_ONLY___  
2026-01-16 14:24:14,068 INFO     ___FILE_ONLY___ │ 
2026-01-16 14:24:14,069 INFO     ___FILE_ONLY___ < 1 MiB
2026-01-16 14:24:14,069 INFO     ___FILE_ONLY___  
2026-01-16 14:24:14,069 INFO     ___FILE_ONLY___ │
2026-01-16 14:24:14,069 INFO     ___FILE_ONLY___ 

2026-01-16 14:24:14,069 INFO     ___FILE_ONLY___ │ 
2026-01-16 14:24:14,069 INFO     ___FILE_ONLY___ gcloud Beta Commands   
2026-01-16 14:24:14,069 INFO     ___FILE_ONLY___  
2026-01-16 14:24:14,069 INFO     ___FILE_ONLY___ │ 
2026-01-16 14:24:14,069 INFO     ___FILE_ONLY___ 2026.01.09
2026-01-16 14:24:14,069 INFO     ___FILE_ONLY___  
2026-01-16 14:24:14,069 INFO     ___FILE_ONLY___ │ 
2026-01-16 14:24:14,069 INFO     ___FILE_ONLY___ < 1 MiB
2026-01-16 14:24:14,069 INFO     ___FILE_ONLY___  
2026-01-16 14:24:14,069 INFO     ___FILE_ONLY___ │
2026-01-16 14:24:14,069 INFO     ___FILE_ONLY___ 

2026-01-16 14:24:14,069 INFO     ___FILE_ONLY___ │ 
2026-01-16 14:24:14,069 INFO     ___FILE_ONLY___ gcloud Preview Commands
2026-01-16 14:24:14,069 INFO     ___FILE_ONLY___  
2026-01-16 14:24:14,069 INFO     ___FILE_ONLY___ │ 
2026-01-16 14:24:14,070 INFO     ___FILE_ONLY___           
2026-01-16 14:24:14,070 INFO     ___FILE_ONLY___  
2026-01-16 14:24:14,070 INFO     ___FILE_ONLY___ │ 
2026-01-16 14:24:14,070 INFO     ___FILE_ONLY___ < 1 MiB
2026-01-16 14:24:14,070 INFO     ___FILE_ONLY___  
2026-01-16 14:24:14,070 INFO     ___FILE_ONLY___ │
2026-01-16 14:24:14,070 INFO     ___FILE_ONLY___ 

2026-01-16 14:24:14,070 INFO     ___FILE_ONLY___ └─────────────────────────┴────────────┴─────────┘
2026-01-16 14:24:14,070 INFO     ___FILE_ONLY___ 

2026-01-16 14:24:14,070 INFO     ___FILE_ONLY___ 

2026-01-16 14:24:14,071 DEBUG    root            On GCE from memory cache: False
2026-01-16 14:24:14,072 DEBUG    root            On GCE from memory cache: False
2026-01-16 14:24:14,073 DEBUG    urllib3.connectionpool Starting new HTTPS connection (1): dl.google.com:443
2026-01-16 14:24:15,000 DEBUG    urllib3.connectionpool https://dl.google.com:443 "GET /dl/cloudsdk/channels/rapid/RELEASE_NOTES HTTP/1.1" 200 345833
2026-01-16 14:24:15,534 INFO     ___FILE_ONLY___ For the latest full release notes, please visit:
  https://cloud.google.com/sdk/release_notes


2026-01-16 14:24:15,534 INFO     ___FILE_ONLY___ Performing in place update...


2026-01-16 14:24:15,536 INFO     ___FILE_ONLY___ ╔════════════════════════════════════════════════════════════╗

2026-01-16 14:24:15,536 INFO     ___FILE_ONLY___ ╠═ Downloading: gcloud Alpha Commands                       ═╣

2026-01-16 14:24:15,536 INFO     ___FILE_ONLY___ ╚
2026-01-16 14:24:15,537 DEBUG    root            On GCE from memory cache: False
2026-01-16 14:24:15,538 DEBUG    root            On GCE from memory cache: False
2026-01-16 14:24:15,539 DEBUG    urllib3.connectionpool Starting new HTTPS connection (1): dl.google.com:443
2026-01-16 14:24:16,502 DEBUG    urllib3.connectionpool https://dl.google.com:443 "GET /dl/cloudsdk/channels/rapid/components/google-cloud-sdk-alpha-20260109121340.tar.gz HTTP/1.1" 200 800
2026-01-16 14:24:16,502 INFO     ___FILE_ONLY___ ════════════════════════════════════════════════════════════
2026-01-16 14:24:16,503 INFO     ___FILE_ONLY___ ╝

2026-01-16 14:24:16,504 INFO     ___FILE_ONLY___ ╔════════════════════════════════════════════════════════════╗

2026-01-16 14:24:16,505 INFO     ___FILE_ONLY___ ╠═ Downloading: gcloud Beta Commands                        ═╣

2026-01-16 14:24:16,505 INFO     ___FILE_ONLY___ ╚
2026-01-16 14:24:16,505 DEBUG    root            On GCE from memory cache: False
2026-01-16 14:24:16,507 DEBUG    root            On GCE from memory cache: False
2026-01-16 14:24:16,507 DEBUG    urllib3.connectionpool Starting new HTTPS connection (1): dl.google.com:443
2026-01-16 14:24:17,462 DEBUG    urllib3.connectionpool https://dl.google.com:443 "GET /dl/cloudsdk/channels/rapid/components/google-cloud-sdk-beta-20260109121340.tar.gz HTTP/1.1" 200 797
2026-01-16 14:24:17,462 INFO     ___FILE_ONLY___ ════════════════════════════════════════════════════════════
2026-01-16 14:24:17,462 INFO     ___FILE_ONLY___ ╝

2026-01-16 14:24:17,464 INFO     ___FILE_ONLY___ ╔════════════════════════════════════════════════════════════╗

2026-01-16 14:24:17,464 INFO     ___FILE_ONLY___ ╠═ Downloading: gcloud Preview Commands                     ═╣

2026-01-16 14:24:17,465 INFO     ___FILE_ONLY___ ╚
2026-01-16 14:24:17,466 DEBUG    root            On GCE from memory cache: False
2026-01-16 14:24:17,467 DEBUG    root            On GCE from memory cache: False
2026-01-16 14:24:17,467 DEBUG    urllib3.connectionpool Starting new HTTPS connection (1): dl.google.com:443
2026-01-16 14:24:18,434 DEBUG    urllib3.connectionpool https://dl.google.com:443 "GET /dl/cloudsdk/channels/rapid/components/google-cloud-sdk-preview-20241115154308.tar.gz HTTP/1.1" 200 823
2026-01-16 14:24:18,435 INFO     ___FILE_ONLY___ ════════════════════════════════════════════════════════════
2026-01-16 14:24:18,435 INFO     ___FILE_ONLY___ ╝

2026-01-16 14:24:18,436 INFO     ___FILE_ONLY___ ╔════════════════════════════════════════════════════════════╗

2026-01-16 14:24:18,437 INFO     ___FILE_ONLY___ ╠═ Installing: gcloud Alpha Commands                        ═╣

2026-01-16 14:24:18,437 INFO     ___FILE_ONLY___ ╚
2026-01-16 14:24:18,438 INFO     ___FILE_ONLY___ ════════════════════════════════════════════════════════════
2026-01-16 14:24:18,438 INFO     ___FILE_ONLY___ ╝

2026-01-16 14:24:18,443 INFO     ___FILE_ONLY___ ╔════════════════════════════════════════════════════════════╗

2026-01-16 14:24:18,443 INFO     ___FILE_ONLY___ ╠═ Installing: gcloud Beta Commands                         ═╣

2026-01-16 14:24:18,443 INFO     ___FILE_ONLY___ ╚
2026-01-16 14:24:18,444 INFO     ___FILE_ONLY___ ════════════════════════════════════════════════════════════
2026-01-16 14:24:18,444 INFO     ___FILE_ONLY___ ╝

2026-01-16 14:24:18,449 INFO     ___FILE_ONLY___ ╔════════════════════════════════════════════════════════════╗

2026-01-16 14:24:18,449 INFO     ___FILE_ONLY___ ╠═ Installing: gcloud Preview Commands                      ═╣

2026-01-16 14:24:18,449 INFO     ___FILE_ONLY___ ╚
2026-01-16 14:24:18,449 INFO     ___FILE_ONLY___ ════════════════════════════════════════════════════════════
2026-01-16 14:24:18,450 INFO     ___FILE_ONLY___ ╝

2026-01-16 14:24:18,454 DEBUG    root            Updating notification cache...
2026-01-16 14:24:18,455 INFO     ___FILE_ONLY___ 

2026-01-16 14:24:18,456 INFO     ___FILE_ONLY___ Performing post processing steps...
2026-01-16 14:24:18,456 DEBUG    root            Executing command: ['/tools/google-cloud-sdk/bin/gcloud', 'components', 'post-process']
2026-01-16 14:24:27,931 DEBUG    ___FILE_ONLY___ 
2026-01-16 14:24:27,932 DEBUG    ___FILE_ONLY___ 
2026-01-16 14:24:27,992 INFO     root            descriptor_list: [{'universeDomain': 'googleapis.com', 'universeShortName': '', 'authenticationDomain': 'auth.cloud.google.com', 'projectPrefix': '', 'cloudWebDomain': 'cloud.google.com', 'documentationDomain': 'cloud.google.com', 'version': '1.0.0', 'state': 'primary', 'artifactRegistryDomain': 'pkg.dev'}]
2026-01-16 14:24:27,993 INFO     ___FILE_ONLY___ 
Update done!


2026-01-16 14:24:27,996 DEBUG    root            Chosen display Format:none
2026-01-16 14:24:27,996 INFO     root            Display format: "none"
